0 info it worked if it ends with ok
1 verbose cli [ '/home/cabox/.nvm/versions/node/v5.2.0/bin/node',
1 verbose cli   '/home/cabox/.nvm/versions/node/v5.2.0/bin/npm',
1 verbose cli   'publish' ]
2 info using npm@3.5.1
3 info using node@v5.2.0
4 verbose publish [ '.' ]
5 silly cache add args [ '.', null ]
6 verbose cache add spec .
7 silly cache add parsed spec Result {
7 silly cache add   raw: '.',
7 silly cache add   scope: null,
7 silly cache add   name: null,
7 silly cache add   rawSpec: '.',
7 silly cache add   spec: '/home/cabox/workspace/how-to-npm',
7 silly cache add   type: 'directory' }
8 verbose addLocalDirectory /home/cabox/.npm/how-to-npm-excerise/1.0.1/package.tgz not in flight; packing
9 info lifecycle how-to-npm-excerise@1.0.1~prepublish: how-to-npm-excerise@1.0.1
10 silly lifecycle how-to-npm-excerise@1.0.1~prepublish: no script for prepublish, continuing
11 verbose tar pack [ '/home/cabox/.npm/how-to-npm-excerise/1.0.1/package.tgz',
11 verbose tar pack   '/home/cabox/workspace/how-to-npm' ]
12 verbose tarball /home/cabox/.npm/how-to-npm-excerise/1.0.1/package.tgz
13 verbose folder /home/cabox/workspace/how-to-npm
14 verbose addLocalTarball adding from inside cache /home/cabox/.npm/how-to-npm-excerise/1.0.1/package.tgz
15 silly cache afterAdd how-to-npm-excerise@1.0.1
16 verbose afterAdd /home/cabox/.npm/how-to-npm-excerise/1.0.1/package/package.json not in flight; writing
17 verbose afterAdd /home/cabox/.npm/how-to-npm-excerise/1.0.1/package/package.json written
18 silly publish { name: 'how-to-npm-excerise',
18 silly publish   version: '1.0.1',
18 silly publish   description: 'how-to-npm excerise',
18 silly publish   main: 'test.js',
18 silly publish   dependencies: {},
18 silly publish   devDependencies: {},
18 silly publish   scripts: { test: 'node test.js' },
18 silly publish   repository:
18 silly publish    { type: 'git',
18 silly publish      url: 'git+https://github.com/iYou422/how-to-npm.git' },
18 silly publish   author: '',
18 silly publish   license: 'ISC',
18 silly publish   bugs: { url: 'https://github.com/iYou422/how-to-npm/issues' },
18 silly publish   homepage: 'https://github.com/iYou422/how-to-npm#readme',
18 silly publish   readme: 'how-to-npm excerise',
18 silly publish   readmeFilename: 'README.md',
18 silly publish   _id: 'how-to-npm-excerise@1.0.1',
18 silly publish   _shasum: '03280a1e88222bc96531e38583d9487e9d094ecd',
18 silly publish   _from: '.' }
19 verbose getPublishConfig undefined
20 silly mapToRegistry name how-to-npm-excerise
21 silly mapToRegistry using default registry
22 silly mapToRegistry registry https://registry.npmjs.org/
23 silly mapToRegistry uri https://registry.npmjs.org/how-to-npm-excerise
24 verbose publish registryBase https://registry.npmjs.org/
25 silly publish uploading /home/cabox/.npm/how-to-npm-excerise/1.0.1/package.tgz
26 verbose request uri https://registry.npmjs.org/how-to-npm-excerise
27 verbose request sending authorization for write operation
28 info attempt registry request try #1 at 5:52:33 AM
29 verbose request using bearer token for auth
30 verbose request id 467e048c0812e561
31 http request PUT https://registry.npmjs.org/how-to-npm-excerise
32 http 403 https://registry.npmjs.org/how-to-npm-excerise
33 verbose headers { 'content-type': 'application/json',
33 verbose headers   'cache-control': 'max-age=300',
33 verbose headers   'content-length': '91',
33 verbose headers   'accept-ranges': 'bytes',
33 verbose headers   date: 'Mon, 04 Sep 2017 09:52:33 GMT',
33 verbose headers   via: '1.1 varnish',
33 verbose headers   connection: 'keep-alive',
33 verbose headers   'x-served-by': 'cache-iad2624-IAD',
33 verbose headers   'x-cache': 'MISS',
33 verbose headers   'x-cache-hits': '0',
33 verbose headers   'x-timer': 'S1504518753.162076,VS0,VE346',
33 verbose headers   vary: 'Accept-Encoding, Accept' }
34 verbose request invalidating /home/cabox/.npm/registry.npmjs.org/how-to-npm-excerise on PUT
35 error publish Failed PUT 403
36 verbose stack Error: You cannot publish over the previously published version 1.0.1. : how-to-npm-excerise
36 verbose stack     at makeError (/home/cabox/.nvm/versions/node/v5.2.0/lib/node_modules/npm/node_modules/npm-registry-client/lib/request.js:264:12)
36 verbose stack     at CachingRegistryClient.<anonymous> (/home/cabox/.nvm/versions/node/v5.2.0/lib/node_modules/npm/node_modules/npm-registry-client/lib/request.js:252:14)
36 verbose stack     at Request._callback (/home/cabox/.nvm/versions/node/v5.2.0/lib/node_modules/npm/node_modules/npm-registry-client/lib/request.js:172:14)
36 verbose stack     at Request.self.callback (/home/cabox/.nvm/versions/node/v5.2.0/lib/node_modules/npm/node_modules/request/request.js:198:22)
36 verbose stack     at emitTwo (events.js:88:13)
36 verbose stack     at Request.emit (events.js:173:7)
36 verbose stack     at Request.<anonymous> (/home/cabox/.nvm/versions/node/v5.2.0/lib/node_modules/npm/node_modules/request/request.js:1082:10)
36 verbose stack     at emitOne (events.js:83:20)
36 verbose stack     at Request.emit (events.js:170:7)
36 verbose stack     at IncomingMessage.<anonymous> (/home/cabox/.nvm/versions/node/v5.2.0/lib/node_modules/npm/node_modules/request/request.js:1009:12)
37 verbose statusCode 403
38 verbose pkgid how-to-npm-excerise
39 verbose cwd /home/cabox/workspace/how-to-npm
40 error Linux 2.6.32-042stab112.15
41 error argv "/home/cabox/.nvm/versions/node/v5.2.0/bin/node" "/home/cabox/.nvm/versions/node/v5.2.0/bin/npm" "publish"
42 error node v5.2.0
43 error npm  v3.5.1
44 error code E403
45 error You cannot publish over the previously published version 1.0.1. : how-to-npm-excerise
46 error If you need help, you may report this error at:
46 error     <https://github.com/npm/npm/issues>
47 verbose exit [ 1, true ]
